<?xml version="1.0" encoding="UTF-8"?>
<!-- Generated by org.testng.reporters.JUnitReportReporter -->
<testsuite skipped="0" hostname="DESKTOP-J79O4OK" name="LoginPage" tests="5" failures="0" timestamp="2019-10-28T16:40:57 EET" time="84.573" errors="0">
  <testcase name="AnaSayfa" time="19.583" classname="LoginPage"/>
  <testcase name="LoginSayfasi" time="11.331" classname="LoginPage"/>
  <testcase name="AramaCubugu" time="6.368" classname="LoginPage"/>
  <testcase name="SamsungSonuclari" time="27.985" classname="LoginPage"/>
  <testcase name="SamsungSonuclari2" time="19.306" classname="LoginPage"/>
</testsuite> <!-- LoginPage -->
